
config wifi-device 'radio0'
	option type 'mac80211'
	option channel '36'
	option hwmode '11a'
	option path 'pci0000:00/0000:00:02.1/0000:01:00.0'
	option htmode 'VHT80'
	option country 'US'
	option legacy_rates '1'

config wifi-iface 'default_radio0'
	option device 'radio0'
	option network 'wlan0'
	option mode 'sta'
	option ssid 'APU2_BLUE_1'
	option encryption 'psk2'
	option key 'huanlezhang'

config wifi-device 'radio1'
	option type 'mac80211'
	option channel '36'
	option hwmode '11a'
	option path 'pci0000:00/0000:00:02.5/0000:05:00.0'
	option htmode 'VHT80'
	option country 'US'
	option legacy_rates '1'

config wifi-iface 'default_radio1'
	option device 'radio1'
	option network 'wlan1'
	option mode 'sta'
	option ssid 'APU2_BLUE_2'
	option encryption 'psk2'
	option key 'huanlezhang'

